running egg_info
creating build/final/final.egg-info
writing build/final/final.egg-info/PKG-INFO
writing dependency_links to build/final/final.egg-info/dependency_links.txt
writing entry points to build/final/final.egg-info/entry_points.txt
writing requirements to build/final/final.egg-info/requires.txt
writing top-level names to build/final/final.egg-info/top_level.txt
writing manifest file 'build/final/final.egg-info/SOURCES.txt'
reading manifest file 'build/final/final.egg-info/SOURCES.txt'
writing manifest file 'build/final/final.egg-info/SOURCES.txt'
running build
running build_py
creating /home/yuzhez23@netid.washington.edu/ros2_ws/src/final/build/final/build
creating /home/yuzhez23@netid.washington.edu/ros2_ws/src/final/build/final/build/lib
creating /home/yuzhez23@netid.washington.edu/ros2_ws/src/final/build/final/build/lib/final
copying final/lab8.py -> /home/yuzhez23@netid.washington.edu/ros2_ws/src/final/build/final/build/lib/final
copying final/gen3lite_pymoveit2.py -> /home/yuzhez23@netid.washington.edu/ros2_ws/src/final/build/final/build/lib/final
copying final/__init__.py -> /home/yuzhez23@netid.washington.edu/ros2_ws/src/final/build/final/build/lib/final
running install
running install_lib
creating /home/yuzhez23@netid.washington.edu/ros2_ws/src/final/install/final/lib/python3.10/site-packages/final
copying /home/yuzhez23@netid.washington.edu/ros2_ws/src/final/build/final/build/lib/final/lab8.py -> /home/yuzhez23@netid.washington.edu/ros2_ws/src/final/install/final/lib/python3.10/site-packages/final
copying /home/yuzhez23@netid.washington.edu/ros2_ws/src/final/build/final/build/lib/final/gen3lite_pymoveit2.py -> /home/yuzhez23@netid.washington.edu/ros2_ws/src/final/install/final/lib/python3.10/site-packages/final
copying /home/yuzhez23@netid.washington.edu/ros2_ws/src/final/build/final/build/lib/final/__init__.py -> /home/yuzhez23@netid.washington.edu/ros2_ws/src/final/install/final/lib/python3.10/site-packages/final
byte-compiling /home/yuzhez23@netid.washington.edu/ros2_ws/src/final/install/final/lib/python3.10/site-packages/final/lab8.py to lab8.cpython-310.pyc
byte-compiling /home/yuzhez23@netid.washington.edu/ros2_ws/src/final/install/final/lib/python3.10/site-packages/final/gen3lite_pymoveit2.py to gen3lite_pymoveit2.cpython-310.pyc
byte-compiling /home/yuzhez23@netid.washington.edu/ros2_ws/src/final/install/final/lib/python3.10/site-packages/final/__init__.py to __init__.cpython-310.pyc
running install_data
creating /home/yuzhez23@netid.washington.edu/ros2_ws/src/final/install/final/share/ament_index
creating /home/yuzhez23@netid.washington.edu/ros2_ws/src/final/install/final/share/ament_index/resource_index
creating /home/yuzhez23@netid.washington.edu/ros2_ws/src/final/install/final/share/ament_index/resource_index/packages
copying resource/final -> /home/yuzhez23@netid.washington.edu/ros2_ws/src/final/install/final/share/ament_index/resource_index/packages
copying package.xml -> /home/yuzhez23@netid.washington.edu/ros2_ws/src/final/install/final/share/final
running install_egg_info
Copying build/final/final.egg-info to /home/yuzhez23@netid.washington.edu/ros2_ws/src/final/install/final/lib/python3.10/site-packages/final-0.0.0-py3.10.egg-info
running install_scripts
writing list of installed files to '/home/yuzhez23@netid.washington.edu/ros2_ws/src/final/build/final/install.log'
