[0.154s] DEBUG:colcon:Command line arguments: ['/usr/bin/colcon', 'build']
[0.154s] DEBUG:colcon:Parsed command line arguments: Namespace(log_base=None, log_level=None, verb_name='build', build_base='build', install_base='install', merge_install=False, symlink_install=False, test_result_base=None, continue_on_error=False, executor='parallel', parallel_workers=8, event_handlers=None, ignore_user_meta=False, metas=['./colcon.meta'], base_paths=['.'], packages_ignore=None, packages_ignore_regex=None, paths=None, packages_up_to=None, packages_up_to_regex=None, packages_above=None, packages_above_and_dependencies=None, packages_above_depth=None, packages_select_by_dep=None, packages_skip_by_dep=None, packages_skip_up_to=None, packages_select_build_failed=False, packages_skip_build_finished=False, packages_select_test_failures=False, packages_skip_test_passed=False, packages_select=None, packages_skip=None, packages_select_regex=None, packages_skip_regex=None, packages_start=None, packages_end=None, allow_overriding=[], cmake_args=None, cmake_target=None, cmake_target_skip_unavailable=False, cmake_clean_cache=False, cmake_clean_first=False, cmake_force_configure=False, ament_cmake_args=None, catkin_cmake_args=None, catkin_skip_building_tests=False, mixin_files=None, mixin=None, verb_parser=<colcon_mixin.mixin.mixin_argument.MixinArgumentDecorator object at 0x7e7bb1e799f0>, verb_extension=<colcon_core.verb.build.BuildVerb object at 0x7e7bb1e79450>, main=<bound method BuildVerb.main of <colcon_core.verb.build.BuildVerb object at 0x7e7bb1e79450>>, mixin_verb=('build',))
[0.373s] Level 1:colcon.colcon_core.package_discovery:discover_packages(colcon_meta) check parameters
[0.373s] Level 1:colcon.colcon_core.package_discovery:discover_packages(recursive) check parameters
[0.373s] Level 1:colcon.colcon_core.package_discovery:discover_packages(ignore) check parameters
[0.373s] Level 1:colcon.colcon_core.package_discovery:discover_packages(path) check parameters
[0.373s] Level 1:colcon.colcon_core.package_discovery:discover_packages(colcon_meta) discover
[0.373s] Level 1:colcon.colcon_core.package_discovery:discover_packages(recursive) discover
[0.373s] INFO:colcon.colcon_core.package_discovery:Crawling recursively for packages in '/home/yuzhez23@netid.washington.edu/ros2_ws/src/final'
[0.373s] Level 1:colcon.colcon_core.package_identification:_identify(.) by extensions ['ignore', 'ignore_ament_install']
[0.374s] Level 1:colcon.colcon_core.package_identification:_identify(.) by extension 'ignore'
[0.374s] Level 1:colcon.colcon_core.package_identification:_identify(.) by extension 'ignore_ament_install'
[0.374s] Level 1:colcon.colcon_core.package_identification:_identify(.) by extensions ['colcon_pkg']
[0.374s] Level 1:colcon.colcon_core.package_identification:_identify(.) by extension 'colcon_pkg'
[0.374s] Level 1:colcon.colcon_core.package_identification:_identify(.) by extensions ['colcon_meta']
[0.374s] Level 1:colcon.colcon_core.package_identification:_identify(.) by extension 'colcon_meta'
[0.374s] Level 1:colcon.colcon_core.package_identification:_identify(.) by extensions ['ros']
[0.374s] Level 1:colcon.colcon_core.package_identification:_identify(.) by extension 'ros'
[0.388s] DEBUG:colcon.colcon_core.package_identification:Package '.' with type 'ros.ament_python' and name 'final'
[0.388s] Level 1:colcon.colcon_core.package_discovery:discover_packages(recursive) using defaults
[0.388s] Level 1:colcon.colcon_core.package_discovery:discover_packages(ignore) discover
[0.388s] Level 1:colcon.colcon_core.package_discovery:discover_packages(ignore) using defaults
[0.388s] Level 1:colcon.colcon_core.package_discovery:discover_packages(path) discover
[0.388s] Level 1:colcon.colcon_core.package_discovery:discover_packages(path) using defaults
[0.426s] Level 1:colcon.colcon_core.package_discovery:discover_packages(prefix_path) check parameters
[0.426s] Level 1:colcon.colcon_core.package_discovery:discover_packages(prefix_path) discover
[0.433s] DEBUG:colcon.colcon_installed_package_information.package_discovery:Found 1 installed packages in /home/yuzhez23@netid.washington.edu/ros2_ws/src/final/install
[0.433s] DEBUG:colcon.colcon_installed_package_information.package_discovery:Found 1 installed packages in /home/yuzhez23@netid.washington.edu/ros2_ws/src/quat/install
[0.435s] DEBUG:colcon.colcon_installed_package_information.package_discovery:Found 90 installed packages in /home/yuzhez23@netid.washington.edu/TECHIN516/kinova_ws/install
[0.437s] DEBUG:colcon.colcon_installed_package_information.package_discovery:Found 12 installed packages in /home/yuzhez23@netid.washington.edu/TECHIN516/turtlebot_ws/install
[0.438s] DEBUG:colcon.colcon_installed_package_information.package_discovery:Found 434 installed packages in /opt/ros/humble
[0.442s] Level 1:colcon.colcon_core.package_discovery:discover_packages(prefix_path) using defaults
[0.517s] Level 5:colcon.colcon_core.verb:set package 'final' build argument 'cmake_args' from command line to 'None'
[0.517s] Level 5:colcon.colcon_core.verb:set package 'final' build argument 'cmake_target' from command line to 'None'
[0.517s] Level 5:colcon.colcon_core.verb:set package 'final' build argument 'cmake_target_skip_unavailable' from command line to 'False'
[0.517s] Level 5:colcon.colcon_core.verb:set package 'final' build argument 'cmake_clean_cache' from command line to 'False'
[0.517s] Level 5:colcon.colcon_core.verb:set package 'final' build argument 'cmake_clean_first' from command line to 'False'
[0.517s] Level 5:colcon.colcon_core.verb:set package 'final' build argument 'cmake_force_configure' from command line to 'False'
[0.517s] Level 5:colcon.colcon_core.verb:set package 'final' build argument 'ament_cmake_args' from command line to 'None'
[0.517s] Level 5:colcon.colcon_core.verb:set package 'final' build argument 'catkin_cmake_args' from command line to 'None'
[0.517s] Level 5:colcon.colcon_core.verb:set package 'final' build argument 'catkin_skip_building_tests' from command line to 'False'
[0.517s] DEBUG:colcon.colcon_core.verb:Building package 'final' with the following arguments: {'ament_cmake_args': None, 'build_base': '/home/yuzhez23@netid.washington.edu/ros2_ws/src/final/build/final', 'catkin_cmake_args': None, 'catkin_skip_building_tests': False, 'cmake_args': None, 'cmake_clean_cache': False, 'cmake_clean_first': False, 'cmake_force_configure': False, 'cmake_target': None, 'cmake_target_skip_unavailable': False, 'install_base': '/home/yuzhez23@netid.washington.edu/ros2_ws/src/final/install/final', 'merge_install': False, 'path': '/home/yuzhez23@netid.washington.edu/ros2_ws/src/final', 'symlink_install': False, 'test_result_base': None}
[0.517s] INFO:colcon.colcon_core.executor:Executing jobs using 'parallel' executor
[0.518s] DEBUG:colcon.colcon_parallel_executor.executor.parallel:run_until_complete
[0.518s] INFO:colcon.colcon_ros.task.ament_python.build:Building ROS package in '/home/yuzhez23@netid.washington.edu/ros2_ws/src/final' with build type 'ament_python'
[0.519s] Level 1:colcon.colcon_core.shell:create_environment_hook('final', 'ament_prefix_path')
[0.522s] INFO:colcon.colcon_core.plugin_system:Skipping extension 'colcon_core.shell.bat': Not used on non-Windows systems
[0.522s] INFO:colcon.colcon_core.shell:Creating environment hook '/home/yuzhez23@netid.washington.edu/ros2_ws/src/final/install/final/share/final/hook/ament_prefix_path.ps1'
[0.523s] INFO:colcon.colcon_core.shell:Creating environment descriptor '/home/yuzhez23@netid.washington.edu/ros2_ws/src/final/install/final/share/final/hook/ament_prefix_path.dsv'
[0.523s] INFO:colcon.colcon_core.shell:Creating environment hook '/home/yuzhez23@netid.washington.edu/ros2_ws/src/final/install/final/share/final/hook/ament_prefix_path.sh'
[0.524s] INFO:colcon.colcon_core.shell:Skip shell extension 'powershell' for command environment: Not usable outside of PowerShell
[0.524s] DEBUG:colcon.colcon_core.shell:Skip shell extension 'dsv' for command environment
[0.939s] INFO:colcon.colcon_core.task.python.build:Building Python package in '/home/yuzhez23@netid.washington.edu/ros2_ws/src/final'
[0.939s] INFO:colcon.colcon_core.shell:Skip shell extension 'powershell' for command environment: Not usable outside of PowerShell
[0.939s] DEBUG:colcon.colcon_core.shell:Skip shell extension 'dsv' for command environment
[1.472s] DEBUG:colcon.colcon_core.event_handler.log_command:Invoking command in '/home/yuzhez23@netid.washington.edu/ros2_ws/src/final': PYTHONPATH=/home/yuzhez23@netid.washington.edu/ros2_ws/src/final/build/final/prefix_override:/usr/lib/python3/dist-packages/colcon_core/task/python/colcon_distutils_commands:/home/yuzhez23@netid.washington.edu/ros2_ws/src/final/install/final/lib/python3.10/site-packages:${PYTHONPATH} /usr/bin/python3 -W ignore:setup.py install is deprecated -W ignore:easy_install command is deprecated setup.py egg_info --egg-base build/final build --build-base /home/yuzhez23@netid.washington.edu/ros2_ws/src/final/build/final/build install --record /home/yuzhez23@netid.washington.edu/ros2_ws/src/final/build/final/install.log --single-version-externally-managed install_data
[1.908s] DEBUG:colcon.colcon_core.event_handler.log_command:Invoked command in '/home/yuzhez23@netid.washington.edu/ros2_ws/src/final' returned '0': PYTHONPATH=/home/yuzhez23@netid.washington.edu/ros2_ws/src/final/build/final/prefix_override:/usr/lib/python3/dist-packages/colcon_core/task/python/colcon_distutils_commands:/home/yuzhez23@netid.washington.edu/ros2_ws/src/final/install/final/lib/python3.10/site-packages:${PYTHONPATH} /usr/bin/python3 -W ignore:setup.py install is deprecated -W ignore:easy_install command is deprecated setup.py egg_info --egg-base build/final build --build-base /home/yuzhez23@netid.washington.edu/ros2_ws/src/final/build/final/build install --record /home/yuzhez23@netid.washington.edu/ros2_ws/src/final/build/final/install.log --single-version-externally-managed install_data
[1.911s] Level 1:colcon.colcon_core.environment:checking '/home/yuzhez23@netid.washington.edu/ros2_ws/src/final/install/final' for CMake module files
[1.911s] Level 1:colcon.colcon_core.environment:checking '/home/yuzhez23@netid.washington.edu/ros2_ws/src/final/install/final' for CMake config files
[1.912s] Level 1:colcon.colcon_core.environment:checking '/home/yuzhez23@netid.washington.edu/ros2_ws/src/final/install/final/lib'
[1.912s] Level 1:colcon.colcon_core.environment:checking '/home/yuzhez23@netid.washington.edu/ros2_ws/src/final/install/final/bin'
[1.912s] Level 1:colcon.colcon_core.environment:checking '/home/yuzhez23@netid.washington.edu/ros2_ws/src/final/install/final/lib/pkgconfig/final.pc'
[1.913s] Level 1:colcon.colcon_core.environment:checking '/home/yuzhez23@netid.washington.edu/ros2_ws/src/final/install/final/lib/python3.10/site-packages'
[1.913s] Level 1:colcon.colcon_core.shell:create_environment_hook('final', 'pythonpath')
[1.913s] INFO:colcon.colcon_core.shell:Creating environment hook '/home/yuzhez23@netid.washington.edu/ros2_ws/src/final/install/final/share/final/hook/pythonpath.ps1'
[1.913s] INFO:colcon.colcon_core.shell:Creating environment descriptor '/home/yuzhez23@netid.washington.edu/ros2_ws/src/final/install/final/share/final/hook/pythonpath.dsv'
[1.914s] INFO:colcon.colcon_core.shell:Creating environment hook '/home/yuzhez23@netid.washington.edu/ros2_ws/src/final/install/final/share/final/hook/pythonpath.sh'
[1.914s] Level 1:colcon.colcon_core.environment:checking '/home/yuzhez23@netid.washington.edu/ros2_ws/src/final/install/final/bin'
[1.914s] Level 1:colcon.colcon_core.environment:create_environment_scripts_only(final)
[1.915s] INFO:colcon.colcon_core.shell:Creating package script '/home/yuzhez23@netid.washington.edu/ros2_ws/src/final/install/final/share/final/package.ps1'
[1.916s] INFO:colcon.colcon_core.shell:Creating package descriptor '/home/yuzhez23@netid.washington.edu/ros2_ws/src/final/install/final/share/final/package.dsv'
[1.916s] INFO:colcon.colcon_core.shell:Creating package script '/home/yuzhez23@netid.washington.edu/ros2_ws/src/final/install/final/share/final/package.sh'
[1.917s] INFO:colcon.colcon_core.shell:Creating package script '/home/yuzhez23@netid.washington.edu/ros2_ws/src/final/install/final/share/final/package.bash'
[1.918s] INFO:colcon.colcon_core.shell:Creating package script '/home/yuzhez23@netid.washington.edu/ros2_ws/src/final/install/final/share/final/package.zsh'
[1.919s] Level 1:colcon.colcon_core.environment:create_file_with_runtime_dependencies(/home/yuzhez23@netid.washington.edu/ros2_ws/src/final/install/final/share/colcon-core/packages/final)
[1.919s] DEBUG:colcon.colcon_parallel_executor.executor.parallel:closing loop
[1.920s] DEBUG:colcon.colcon_parallel_executor.executor.parallel:loop closed
[1.920s] DEBUG:colcon.colcon_parallel_executor.executor.parallel:run_until_complete finished with '0'
[1.920s] DEBUG:colcon.colcon_core.event_reactor:joining thread
[1.930s] INFO:colcon.colcon_core.plugin_system:Skipping extension 'colcon_notification.desktop_notification.terminal_notifier': Not used on non-Darwin systems
[1.931s] INFO:colcon.colcon_core.plugin_system:Skipping extension 'colcon_notification.desktop_notification.win32': Not used on non-Windows systems
[1.931s] INFO:colcon.colcon_notification.desktop_notification:Sending desktop notification using 'notify2'
[1.945s] DEBUG:colcon.colcon_core.event_reactor:joined thread
[1.946s] INFO:colcon.colcon_core.shell:Creating prefix script '/home/yuzhez23@netid.washington.edu/ros2_ws/src/final/install/local_setup.ps1'
[1.947s] INFO:colcon.colcon_core.shell:Creating prefix util module '/home/yuzhez23@netid.washington.edu/ros2_ws/src/final/install/_local_setup_util_ps1.py'
[1.951s] INFO:colcon.colcon_core.shell:Creating prefix chain script '/home/yuzhez23@netid.washington.edu/ros2_ws/src/final/install/setup.ps1'
[1.965s] INFO:colcon.colcon_core.shell:Creating prefix script '/home/yuzhez23@netid.washington.edu/ros2_ws/src/final/install/local_setup.sh'
[1.966s] INFO:colcon.colcon_core.shell:Creating prefix util module '/home/yuzhez23@netid.washington.edu/ros2_ws/src/final/install/_local_setup_util_sh.py'
[1.966s] INFO:colcon.colcon_core.shell:Creating prefix chain script '/home/yuzhez23@netid.washington.edu/ros2_ws/src/final/install/setup.sh'
[1.973s] INFO:colcon.colcon_core.shell:Creating prefix script '/home/yuzhez23@netid.washington.edu/ros2_ws/src/final/install/local_setup.bash'
[1.974s] INFO:colcon.colcon_core.shell:Creating prefix chain script '/home/yuzhez23@netid.washington.edu/ros2_ws/src/final/install/setup.bash'
[1.980s] INFO:colcon.colcon_core.shell:Creating prefix script '/home/yuzhez23@netid.washington.edu/ros2_ws/src/final/install/local_setup.zsh'
[1.980s] INFO:colcon.colcon_core.shell:Creating prefix chain script '/home/yuzhez23@netid.washington.edu/ros2_ws/src/final/install/setup.zsh'
