[1.378s] Invoking command in '/home/yuzhez23@netid.washington.edu/ros2_ws/src/final': PYTHONPATH=/home/yuzhez23@netid.washington.edu/ros2_ws/src/final/build/final/prefix_override:/usr/lib/python3/dist-packages/colcon_core/task/python/colcon_distutils_commands:/home/yuzhez23@netid.washington.edu/ros2_ws/src/final/install/final/lib/python3.10/site-packages:${PYTHONPATH} /usr/bin/python3 -W ignore:setup.py install is deprecated -W ignore:easy_install command is deprecated setup.py egg_info --egg-base build/final build --build-base /home/yuzhez23@netid.washington.edu/ros2_ws/src/final/build/final/build install --record /home/yuzhez23@netid.washington.edu/ros2_ws/src/final/build/final/install.log --single-version-externally-managed install_data
[1.922s] running egg_info
[1.923s] writing build/final/final.egg-info/PKG-INFO
[1.923s] writing dependency_links to build/final/final.egg-info/dependency_links.txt
[1.924s] writing entry points to build/final/final.egg-info/entry_points.txt
[1.924s] writing requirements to build/final/final.egg-info/requires.txt
[1.924s] writing top-level names to build/final/final.egg-info/top_level.txt
[1.930s] reading manifest file 'build/final/final.egg-info/SOURCES.txt'
[1.933s] writing manifest file 'build/final/final.egg-info/SOURCES.txt'
[1.934s] running build
[1.934s] running build_py
[1.935s] running install
[1.936s] running install_lib
[1.939s] running install_data
[1.939s] running install_egg_info
[1.942s] removing '/home/yuzhez23@netid.washington.edu/ros2_ws/src/final/install/final/lib/python3.10/site-packages/final-0.0.0-py3.10.egg-info' (and everything under it)
[1.943s] Copying build/final/final.egg-info to /home/yuzhez23@netid.washington.edu/ros2_ws/src/final/install/final/lib/python3.10/site-packages/final-0.0.0-py3.10.egg-info
[1.944s] running install_scripts
[1.979s] Installing arm script to /home/yuzhez23@netid.washington.edu/ros2_ws/src/final/install/final/lib/final
[1.979s] Installing turtlebot script to /home/yuzhez23@netid.washington.edu/ros2_ws/src/final/install/final/lib/final
[1.980s] writing list of installed files to '/home/yuzhez23@netid.washington.edu/ros2_ws/src/final/build/final/install.log'
[2.017s] Invoked command in '/home/yuzhez23@netid.washington.edu/ros2_ws/src/final' returned '0': PYTHONPATH=/home/yuzhez23@netid.washington.edu/ros2_ws/src/final/build/final/prefix_override:/usr/lib/python3/dist-packages/colcon_core/task/python/colcon_distutils_commands:/home/yuzhez23@netid.washington.edu/ros2_ws/src/final/install/final/lib/python3.10/site-packages:${PYTHONPATH} /usr/bin/python3 -W ignore:setup.py install is deprecated -W ignore:easy_install command is deprecated setup.py egg_info --egg-base build/final build --build-base /home/yuzhez23@netid.washington.edu/ros2_ws/src/final/build/final/build install --record /home/yuzhez23@netid.washington.edu/ros2_ws/src/final/build/final/install.log --single-version-externally-managed install_data
